<?xml version="1.0" encoding="utf-8"?><testsuites name="pytest tests"><testsuite name="pytest" errors="0" failures="0" skipped="0" tests="10" time="10.858" timestamp="2026-09-14T21:36:55.264528+00:00" hostname="agent-env-ae941802-cf92-4543-b939-94dedca25952"><testcase classname="tests.test_photo_estimate" name="test_transcribe_missing_file_422" time="0.589" /><testcase classname="tests.test_photo_estimate" name="test_transcribe_with_wav" time="3.082" /><testcase classname="tests.test_photo_estimate" name="test_analyze_photos_zero_photos_400" time="0.124" /><testcase classname="tests.test_photo_estimate" name="test_analyze_photos_empty_description_400" time="0.052" /><testcase classname="tests.test_photo_estimate" name="test_analyze_photos_success" time="6.638" /><testcase classname="tests.test_photo_estimate" name="test_build_estimate_matches_rate_card" time="0.082" /><testcase classname="tests.test_photo_estimate" name="test_build_estimate_second_coat_kept_when_coats_2" time="0.043" /><testcase classname="tests.test_photo_estimate" name="test_put_estimate_regression" time="0.045" /><testcase classname="tests.test_photo_estimate" name="test_get_job_regression" time="0.043" /><testcase classname="tests.test_photo_estimate" name="test_rate_card_add_persists" time="0.096" /></testsuite></testsuites>