<?xml version="1.0" encoding="utf-8"?><testsuites name="pytest tests"><testsuite name="pytest" errors="0" failures="0" skipped="0" tests="22" time="6.556" timestamp="2026-09-15T04:35:44.646319+00:00" hostname="agent-env-ae941802-cf92-4543-b939-94dedca25952"><testcase classname="tests.test_receipts_expenses" name="test_registered_accounts_see_seeded_jobs" time="0.431" /><testcase classname="tests.test_receipts_expenses" name="test_upload_init_rejects_bad_mime" time="0.067" /><testcase classname="tests.test_receipts_expenses" name="test_upload_init_rejects_oversize" time="0.068" /><testcase classname="tests.test_receipts_expenses" name="test_upload_full_flow_and_thumb" time="1.911" /><testcase classname="tests.test_receipts_expenses" name="test_upload_complete_malformed_bytes" time="0.790" /><testcase classname="tests.test_receipts_expenses" name="test_upload_ownership_denial" time="0.453" /><testcase classname="tests.test_receipts_expenses" name="test_create_expense_defaults" time="0.069" /><testcase classname="tests.test_receipts_expenses" name="test_billable_amount_with_markup" time="0.068" /><testcase classname="tests.test_receipts_expenses" name="test_create_unsorted_expense" time="0.069" /><testcase classname="tests.test_receipts_expenses" name="test_expense_update_reassign" time="0.208" /><testcase classname="tests.test_receipts_expenses" name="test_legacy_job_expense_route" time="0.071" /><testcase classname="tests.test_receipts_expenses" name="test_filters_bad_date_range" time="0.066" /><testcase classname="tests.test_receipts_expenses" name="test_filter_category_inclusive_dates_and_running_total" time="0.206" /><testcase classname="tests.test_receipts_expenses" name="test_csv_export_and_formula_escape" time="0.138" /><testcase classname="tests.test_receipts_expenses" name="test_unsorted_tab_counter" time="0.095" /><testcase classname="tests.test_receipts_expenses" name="test_vendor_correction_learning" time="0.238" /><testcase classname="tests.test_receipts_expenses" name="test_ownership_expense_and_job" time="0.345" /><testcase classname="tests.test_receipts_expenses" name="test_anonymous_denied" time="0.188" /><testcase classname="tests.test_receipts_expenses" name="test_delete_expense_refreshes_totals" time="0.230" /><testcase classname="tests.test_receipts_expenses" name="test_job_expense_summary_and_costs" time="0.122" /><testcase classname="tests.test_receipts_expenses" name="test_unbilled_materials_attaches_only_after_completion" time="0.548" /><testcase classname="tests.test_receipts_expenses" name="test_profit_at_risk_dashboard_field" time="0.073" /></testsuite></testsuites>