<?xml version="1.0" encoding="utf-8"?><testsuites name="pytest tests"><testsuite name="pytest" errors="0" failures="0" skipped="0" tests="3" time="10.648" timestamp="2026-09-15T04:37:39.744882+00:00" hostname="agent-env-ae941802-cf92-4543-b939-94dedca25952"><testcase classname="tests.test_receipts_ai" name="test_receipts_analyze_returns_extraction_and_suggestions" time="7.401" /><testcase classname="tests.test_receipts_ai" name="test_receipts_suggestions_manual_only" time="2.801" /><testcase classname="tests.test_receipts_ai" name="test_bug_suggestin_optional_date_rejects_valid_iso" time="0.384" /></testsuite></testsuites>